<?xml version="1.0" encoding="UTF-8"?>
<!-- Generated by org.testng.reporters.JUnitReportReporter -->
<testsuite hostname="shikaifengdeMacBook-Pro.local" name="zhiping.tvmall.appium.TvmallTest" tests="3" failures="3" timestamp="30 Jun 2017 10:02:34 GMT" time="17.799" errors="0">
  <testcase name="indexPage" time="7.352" classname="zhiping.tvmall.appium.TvmallTest">
    <failure type="org.openqa.selenium.WebDriverException" message="Method has not yet been implemented (WARNING: The server did not provide any stacktrace information)
Command duration or timeout: 9 milliseconds
Build info: version: &#039;2.48.0&#039;, revision: &#039;b7b081a&#039;, time: &#039;2015-10-07 15:45:39&#039;
System info: host: &#039;shikaifengdeMacBook-Pro.local&#039;, ip: &#039;30.11.246.32&#039;, os.name: &#039;Mac OS X&#039;, os.arch: &#039;x86_64&#039;, os.version: &#039;10.12.3&#039;, java.version: &#039;1.8.0_51&#039;
Driver info: io.appium.java_client.android.AndroidDriver
Capabilities [{app=/Users/shikaifeng/Documents/workspace/AppiumTest/apps/TVTaobao_v2.2.4_20160729_xiaomi_debug.apk, appPackage=rca.rc.tvtaobao, networkConnectionEnabled=true, warnings={}, appWaitPackage=rca.rc.tvtaobao, appWaitActivity=rca.rc.tvtaobao.activity.IndexPageActivity, databaseEnabled=false, deviceName=11608V181277759, platform=LINUX, deviceUDID=11608V181277759, appActivity=rca.rc.tvtaobao.activity.IndexPageActivity, desired={app=/Users/shikaifeng/Documents/workspace/AppiumTest/apps/TVTaobao_v2.2.4_20160729_xiaomi_debug.apk, appPackage=rca.rc.tvtaobao, platformVersion=5.1, automationName=Appium, platformName=Android, deviceName=11608V181277759}, platformVersion=5.1.1, webStorageEnabled=false, locationContextEnabled=false, automationName=Appium, takesScreenshot=true, javascriptEnabled=true, platformName=Android}]
Session ID: d3a6c905-8014-4bad-b5bc-bffcda8016ca">
      <![CDATA[org.openqa.selenium.WebDriverException: Method has not yet been implemented (WARNING: The server did not provide any stacktrace information)
Command duration or timeout: 9 milliseconds
Build info: version: '2.48.0', revision: 'b7b081a', time: '2015-10-07 15:45:39'
System info: host: 'shikaifengdeMacBook-Pro.local', ip: '30.11.246.32', os.name: 'Mac OS X', os.arch: 'x86_64', os.version: '10.12.3', java.version: '1.8.0_51'
Driver info: io.appium.java_client.android.AndroidDriver
Capabilities [{app=/Users/shikaifeng/Documents/workspace/AppiumTest/apps/TVTaobao_v2.2.4_20160729_xiaomi_debug.apk, appPackage=rca.rc.tvtaobao, networkConnectionEnabled=true, warnings={}, appWaitPackage=rca.rc.tvtaobao, appWaitActivity=rca.rc.tvtaobao.activity.IndexPageActivity, databaseEnabled=false, deviceName=11608V181277759, platform=LINUX, deviceUDID=11608V181277759, appActivity=rca.rc.tvtaobao.activity.IndexPageActivity, desired={app=/Users/shikaifeng/Documents/workspace/AppiumTest/apps/TVTaobao_v2.2.4_20160729_xiaomi_debug.apk, appPackage=rca.rc.tvtaobao, platformVersion=5.1, automationName=Appium, platformName=Android, deviceName=11608V181277759}, platformVersion=5.1.1, webStorageEnabled=false, locationContextEnabled=false, automationName=Appium, takesScreenshot=true, javascriptEnabled=true, platformName=Android}]
Session ID: d3a6c905-8014-4bad-b5bc-bffcda8016ca
	at sun.reflect.NativeConstructorAccessorImpl.newInstance0(Native Method)
	at sun.reflect.NativeConstructorAccessorImpl.newInstance(NativeConstructorAccessorImpl.java:62)
	at sun.reflect.DelegatingConstructorAccessorImpl.newInstance(DelegatingConstructorAccessorImpl.java:45)
	at java.lang.reflect.Constructor.newInstance(Constructor.java:422)
	at org.openqa.selenium.remote.ErrorHandler.createThrowable(ErrorHandler.java:206)
	at org.openqa.selenium.remote.ErrorHandler.throwIfResponseFailed(ErrorHandler.java:158)
	at org.openqa.selenium.remote.RemoteWebDriver.execute(RemoteWebDriver.java:647)
	at io.appium.java_client.DefaultGenericMobileDriver.execute(DefaultGenericMobileDriver.java:51)
	at io.appium.java_client.AppiumDriver.execute(AppiumDriver.java:268)
	at org.openqa.selenium.remote.RemoteWebDriver.getTitle(RemoteWebDriver.java:315)
	at zhiping.tvmall.appium.TvmallTest.indexPage(TvmallTest.java:51)
	at sun.reflect.NativeMethodAccessorImpl.invoke0(Native Method)
	at sun.reflect.NativeMethodAccessorImpl.invoke(NativeMethodAccessorImpl.java:62)
	at sun.reflect.DelegatingMethodAccessorImpl.invoke(DelegatingMethodAccessorImpl.java:43)
	at java.lang.reflect.Method.invoke(Method.java:497)
	at org.testng.internal.MethodInvocationHelper.invokeMethod(MethodInvocationHelper.java:84)
	at org.testng.internal.Invoker.invokeMethod(Invoker.java:714)
	at org.testng.internal.Invoker.invokeTestMethod(Invoker.java:901)
	at org.testng.internal.Invoker.invokeTestMethods(Invoker.java:1231)
	at org.testng.internal.TestMethodWorker.invokeTestMethods(TestMethodWorker.java:127)
	at org.testng.internal.TestMethodWorker.run(TestMethodWorker.java:111)
	at org.testng.TestRunner.privateRun(TestRunner.java:767)
	at org.testng.TestRunner.run(TestRunner.java:617)
	at org.testng.SuiteRunner.runTest(SuiteRunner.java:334)
	at org.testng.SuiteRunner.runSequentially(SuiteRunner.java:329)
	at org.testng.SuiteRunner.privateRun(SuiteRunner.java:291)
	at org.testng.SuiteRunner.run(SuiteRunner.java:240)
	at org.testng.SuiteRunnerWorker.runSuite(SuiteRunnerWorker.java:52)
	at org.testng.SuiteRunnerWorker.run(SuiteRunnerWorker.java:86)
	at org.testng.TestNG.runSuitesSequentially(TestNG.java:1224)
	at org.testng.TestNG.runSuitesLocally(TestNG.java:1149)
	at org.testng.TestNG.run(TestNG.java:1057)
	at org.testng.remote.AbstractRemoteTestNG.run(AbstractRemoteTestNG.java:126)
	at org.testng.remote.RemoteTestNG.initAndRun(RemoteTestNG.java:152)
	at org.testng.remote.RemoteTestNG.main(RemoteTestNG.java:57)
]]>
    </failure>
  </testcase> <!-- indexPage -->
  <testcase name="search" time="5.280" classname="zhiping.tvmall.appium.TvmallTest">
    <failure type="org.openqa.selenium.NoSuchElementException" message="An element could not be located on the page using the given search parameters. (WARNING: The server did not provide any stacktrace information)
Command duration or timeout: 135 milliseconds
For documentation on this error, please visit: http://seleniumhq.org/exceptions/no_such_element.html
Build info: version: &#039;2.48.0&#039;, revision: &#039;b7b081a&#039;, time: &#039;2015-10-07 15:45:39&#039;
System info: host: &#039;shikaifengdeMacBook-Pro.local&#039;, ip: &#039;30.11.246.32&#039;, os.name: &#039;Mac OS X&#039;, os.arch: &#039;x86_64&#039;, os.version: &#039;10.12.3&#039;, java.version: &#039;1.8.0_51&#039;
Driver info: io.appium.java_client.android.AndroidDriver
Capabilities [{app=/Users/shikaifeng/Documents/workspace/AppiumTest/apps/TVTaobao_v2.2.4_20160729_xiaomi_debug.apk, appPackage=rca.rc.tvtaobao, networkConnectionEnabled=true, warnings={}, appWaitPackage=rca.rc.tvtaobao, appWaitActivity=rca.rc.tvtaobao.activity.IndexPageActivity, databaseEnabled=false, deviceName=11608V181277759, platform=LINUX, deviceUDID=11608V181277759, appActivity=rca.rc.tvtaobao.activity.IndexPageActivity, desired={app=/Users/shikaifeng/Documents/workspace/AppiumTest/apps/TVTaobao_v2.2.4_20160729_xiaomi_debug.apk, appPackage=rca.rc.tvtaobao, platformVersion=5.1, automationName=Appium, platformName=Android, deviceName=11608V181277759}, platformVersion=5.1.1, webStorageEnabled=false, locationContextEnabled=false, automationName=Appium, takesScreenshot=true, javascriptEnabled=true, platformName=Android}]
Session ID: d3a6c905-8014-4bad-b5bc-bffcda8016ca
*** Element info: {Using=xpath, value=//*[@id=&#039;search-bar&#039;]/input}">
      <![CDATA[org.openqa.selenium.NoSuchElementException: An element could not be located on the page using the given search parameters. (WARNING: The server did not provide any stacktrace information)
Command duration or timeout: 135 milliseconds
For documentation on this error, please visit: http://seleniumhq.org/exceptions/no_such_element.html
Build info: version: '2.48.0', revision: 'b7b081a', time: '2015-10-07 15:45:39'
System info: host: 'shikaifengdeMacBook-Pro.local', ip: '30.11.246.32', os.name: 'Mac OS X', os.arch: 'x86_64', os.version: '10.12.3', java.version: '1.8.0_51'
Driver info: io.appium.java_client.android.AndroidDriver
Capabilities [{app=/Users/shikaifeng/Documents/workspace/AppiumTest/apps/TVTaobao_v2.2.4_20160729_xiaomi_debug.apk, appPackage=rca.rc.tvtaobao, networkConnectionEnabled=true, warnings={}, appWaitPackage=rca.rc.tvtaobao, appWaitActivity=rca.rc.tvtaobao.activity.IndexPageActivity, databaseEnabled=false, deviceName=11608V181277759, platform=LINUX, deviceUDID=11608V181277759, appActivity=rca.rc.tvtaobao.activity.IndexPageActivity, desired={app=/Users/shikaifeng/Documents/workspace/AppiumTest/apps/TVTaobao_v2.2.4_20160729_xiaomi_debug.apk, appPackage=rca.rc.tvtaobao, platformVersion=5.1, automationName=Appium, platformName=Android, deviceName=11608V181277759}, platformVersion=5.1.1, webStorageEnabled=false, locationContextEnabled=false, automationName=Appium, takesScreenshot=true, javascriptEnabled=true, platformName=Android}]
Session ID: d3a6c905-8014-4bad-b5bc-bffcda8016ca
*** Element info: {Using=xpath, value=//*[@id='search-bar']/input}
	at sun.reflect.NativeConstructorAccessorImpl.newInstance0(Native Method)
	at sun.reflect.NativeConstructorAccessorImpl.newInstance(NativeConstructorAccessorImpl.java:62)
	at sun.reflect.DelegatingConstructorAccessorImpl.newInstance(DelegatingConstructorAccessorImpl.java:45)
	at java.lang.reflect.Constructor.newInstance(Constructor.java:422)
	at org.openqa.selenium.remote.ErrorHandler.createThrowable(ErrorHandler.java:206)
	at org.openqa.selenium.remote.ErrorHandler.throwIfResponseFailed(ErrorHandler.java:158)
	at org.openqa.selenium.remote.RemoteWebDriver.execute(RemoteWebDriver.java:647)
	at io.appium.java_client.DefaultGenericMobileDriver.execute(DefaultGenericMobileDriver.java:51)
	at io.appium.java_client.AppiumDriver.execute(AppiumDriver.java:1)
	at io.appium.java_client.android.AndroidDriver.execute(AndroidDriver.java:1)
	at org.openqa.selenium.remote.RemoteWebDriver.findElement(RemoteWebDriver.java:353)
	at io.appium.java_client.DefaultGenericMobileDriver.findElement(DefaultGenericMobileDriver.java:67)
	at io.appium.java_client.AppiumDriver.findElement(AppiumDriver.java:1)
	at io.appium.java_client.android.AndroidDriver.findElement(AndroidDriver.java:1)
	at org.openqa.selenium.remote.RemoteWebDriver.findElementByXPath(RemoteWebDriver.java:490)
	at io.appium.java_client.DefaultGenericMobileDriver.findElementByXPath(DefaultGenericMobileDriver.java:145)
	at io.appium.java_client.AppiumDriver.findElementByXPath(AppiumDriver.java:1)
	at io.appium.java_client.android.AndroidDriver.findElementByXPath(AndroidDriver.java:1)
	at zhiping.tvmall.appium.TvmallTest.search(TvmallTest.java:82)
	at sun.reflect.NativeMethodAccessorImpl.invoke0(Native Method)
	at sun.reflect.NativeMethodAccessorImpl.invoke(NativeMethodAccessorImpl.java:62)
	at sun.reflect.DelegatingMethodAccessorImpl.invoke(DelegatingMethodAccessorImpl.java:43)
	at java.lang.reflect.Method.invoke(Method.java:497)
	at org.testng.internal.MethodInvocationHelper.invokeMethod(MethodInvocationHelper.java:84)
	at org.testng.internal.Invoker.invokeMethod(Invoker.java:714)
	at org.testng.internal.Invoker.invokeTestMethod(Invoker.java:901)
	at org.testng.internal.Invoker.invokeTestMethods(Invoker.java:1231)
	at org.testng.internal.TestMethodWorker.invokeTestMethods(TestMethodWorker.java:127)
	at org.testng.internal.TestMethodWorker.run(TestMethodWorker.java:111)
	at org.testng.TestRunner.privateRun(TestRunner.java:767)
	at org.testng.TestRunner.run(TestRunner.java:617)
	at org.testng.SuiteRunner.runTest(SuiteRunner.java:334)
	at org.testng.SuiteRunner.runSequentially(SuiteRunner.java:329)
	at org.testng.SuiteRunner.privateRun(SuiteRunner.java:291)
	at org.testng.SuiteRunner.run(SuiteRunner.java:240)
	at org.testng.SuiteRunnerWorker.runSuite(SuiteRunnerWorker.java:52)
	at org.testng.SuiteRunnerWorker.run(SuiteRunnerWorker.java:86)
	at org.testng.TestNG.runSuitesSequentially(TestNG.java:1224)
	at org.testng.TestNG.runSuitesLocally(TestNG.java:1149)
	at org.testng.TestNG.run(TestNG.java:1057)
	at org.testng.remote.AbstractRemoteTestNG.run(AbstractRemoteTestNG.java:126)
	at org.testng.remote.RemoteTestNG.initAndRun(RemoteTestNG.java:152)
	at org.testng.remote.RemoteTestNG.main(RemoteTestNG.java:57)
]]>
    </failure>
  </testcase> <!-- search -->
  <testcase name="phoneRecharge" time="5.167" classname="zhiping.tvmall.appium.TvmallTest">
    <failure type="org.openqa.selenium.NoSuchElementException" message="An element could not be located on the page using the given search parameters. (WARNING: The server did not provide any stacktrace information)
Command duration or timeout: 159 milliseconds
For documentation on this error, please visit: http://seleniumhq.org/exceptions/no_such_element.html
Build info: version: &#039;2.48.0&#039;, revision: &#039;b7b081a&#039;, time: &#039;2015-10-07 15:45:39&#039;
System info: host: &#039;shikaifengdeMacBook-Pro.local&#039;, ip: &#039;30.11.246.32&#039;, os.name: &#039;Mac OS X&#039;, os.arch: &#039;x86_64&#039;, os.version: &#039;10.12.3&#039;, java.version: &#039;1.8.0_51&#039;
Driver info: io.appium.java_client.android.AndroidDriver
Capabilities [{app=/Users/shikaifeng/Documents/workspace/AppiumTest/apps/TVTaobao_v2.2.4_20160729_xiaomi_debug.apk, appPackage=rca.rc.tvtaobao, networkConnectionEnabled=true, warnings={}, appWaitPackage=rca.rc.tvtaobao, appWaitActivity=rca.rc.tvtaobao.activity.IndexPageActivity, databaseEnabled=false, deviceName=11608V181277759, platform=LINUX, deviceUDID=11608V181277759, appActivity=rca.rc.tvtaobao.activity.IndexPageActivity, desired={app=/Users/shikaifeng/Documents/workspace/AppiumTest/apps/TVTaobao_v2.2.4_20160729_xiaomi_debug.apk, appPackage=rca.rc.tvtaobao, platformVersion=5.1, automationName=Appium, platformName=Android, deviceName=11608V181277759}, platformVersion=5.1.1, webStorageEnabled=false, locationContextEnabled=false, automationName=Appium, takesScreenshot=true, javascriptEnabled=true, platformName=Android}]
Session ID: d3a6c905-8014-4bad-b5bc-bffcda8016ca
*** Element info: {Using=xpath, value=//*[@id=&#039;nav-item-1&#039;]/input}">
      <![CDATA[org.openqa.selenium.NoSuchElementException: An element could not be located on the page using the given search parameters. (WARNING: The server did not provide any stacktrace information)
Command duration or timeout: 159 milliseconds
For documentation on this error, please visit: http://seleniumhq.org/exceptions/no_such_element.html
Build info: version: '2.48.0', revision: 'b7b081a', time: '2015-10-07 15:45:39'
System info: host: 'shikaifengdeMacBook-Pro.local', ip: '30.11.246.32', os.name: 'Mac OS X', os.arch: 'x86_64', os.version: '10.12.3', java.version: '1.8.0_51'
Driver info: io.appium.java_client.android.AndroidDriver
Capabilities [{app=/Users/shikaifeng/Documents/workspace/AppiumTest/apps/TVTaobao_v2.2.4_20160729_xiaomi_debug.apk, appPackage=rca.rc.tvtaobao, networkConnectionEnabled=true, warnings={}, appWaitPackage=rca.rc.tvtaobao, appWaitActivity=rca.rc.tvtaobao.activity.IndexPageActivity, databaseEnabled=false, deviceName=11608V181277759, platform=LINUX, deviceUDID=11608V181277759, appActivity=rca.rc.tvtaobao.activity.IndexPageActivity, desired={app=/Users/shikaifeng/Documents/workspace/AppiumTest/apps/TVTaobao_v2.2.4_20160729_xiaomi_debug.apk, appPackage=rca.rc.tvtaobao, platformVersion=5.1, automationName=Appium, platformName=Android, deviceName=11608V181277759}, platformVersion=5.1.1, webStorageEnabled=false, locationContextEnabled=false, automationName=Appium, takesScreenshot=true, javascriptEnabled=true, platformName=Android}]
Session ID: d3a6c905-8014-4bad-b5bc-bffcda8016ca
*** Element info: {Using=xpath, value=//*[@id='nav-item-1']/input}
	at sun.reflect.NativeConstructorAccessorImpl.newInstance0(Native Method)
	at sun.reflect.NativeConstructorAccessorImpl.newInstance(NativeConstructorAccessorImpl.java:62)
	at sun.reflect.DelegatingConstructorAccessorImpl.newInstance(DelegatingConstructorAccessorImpl.java:45)
	at java.lang.reflect.Constructor.newInstance(Constructor.java:422)
	at org.openqa.selenium.remote.ErrorHandler.createThrowable(ErrorHandler.java:206)
	at org.openqa.selenium.remote.ErrorHandler.throwIfResponseFailed(ErrorHandler.java:158)
	at org.openqa.selenium.remote.RemoteWebDriver.execute(RemoteWebDriver.java:647)
	at io.appium.java_client.DefaultGenericMobileDriver.execute(DefaultGenericMobileDriver.java:51)
	at io.appium.java_client.AppiumDriver.execute(AppiumDriver.java:1)
	at io.appium.java_client.android.AndroidDriver.execute(AndroidDriver.java:1)
	at org.openqa.selenium.remote.RemoteWebDriver.findElement(RemoteWebDriver.java:353)
	at io.appium.java_client.DefaultGenericMobileDriver.findElement(DefaultGenericMobileDriver.java:67)
	at io.appium.java_client.AppiumDriver.findElement(AppiumDriver.java:1)
	at io.appium.java_client.android.AndroidDriver.findElement(AndroidDriver.java:1)
	at org.openqa.selenium.remote.RemoteWebDriver.findElementByXPath(RemoteWebDriver.java:490)
	at io.appium.java_client.DefaultGenericMobileDriver.findElementByXPath(DefaultGenericMobileDriver.java:145)
	at io.appium.java_client.AppiumDriver.findElementByXPath(AppiumDriver.java:1)
	at io.appium.java_client.android.AndroidDriver.findElementByXPath(AndroidDriver.java:1)
	at zhiping.tvmall.appium.TvmallTest.phoneRecharge(TvmallTest.java:70)
	at sun.reflect.NativeMethodAccessorImpl.invoke0(Native Method)
	at sun.reflect.NativeMethodAccessorImpl.invoke(NativeMethodAccessorImpl.java:62)
	at sun.reflect.DelegatingMethodAccessorImpl.invoke(DelegatingMethodAccessorImpl.java:43)
	at java.lang.reflect.Method.invoke(Method.java:497)
	at org.testng.internal.MethodInvocationHelper.invokeMethod(MethodInvocationHelper.java:84)
	at org.testng.internal.Invoker.invokeMethod(Invoker.java:714)
	at org.testng.internal.Invoker.invokeTestMethod(Invoker.java:901)
	at org.testng.internal.Invoker.invokeTestMethods(Invoker.java:1231)
	at org.testng.internal.TestMethodWorker.invokeTestMethods(TestMethodWorker.java:127)
	at org.testng.internal.TestMethodWorker.run(TestMethodWorker.java:111)
	at org.testng.TestRunner.privateRun(TestRunner.java:767)
	at org.testng.TestRunner.run(TestRunner.java:617)
	at org.testng.SuiteRunner.runTest(SuiteRunner.java:334)
	at org.testng.SuiteRunner.runSequentially(SuiteRunner.java:329)
	at org.testng.SuiteRunner.privateRun(SuiteRunner.java:291)
	at org.testng.SuiteRunner.run(SuiteRunner.java:240)
	at org.testng.SuiteRunnerWorker.runSuite(SuiteRunnerWorker.java:52)
	at org.testng.SuiteRunnerWorker.run(SuiteRunnerWorker.java:86)
	at org.testng.TestNG.runSuitesSequentially(TestNG.java:1224)
	at org.testng.TestNG.runSuitesLocally(TestNG.java:1149)
	at org.testng.TestNG.run(TestNG.java:1057)
	at org.testng.remote.AbstractRemoteTestNG.run(AbstractRemoteTestNG.java:126)
	at org.testng.remote.RemoteTestNG.initAndRun(RemoteTestNG.java:152)
	at org.testng.remote.RemoteTestNG.main(RemoteTestNG.java:57)
]]>
    </failure>
  </testcase> <!-- phoneRecharge -->
</testsuite> <!-- zhiping.tvmall.appium.TvmallTest -->
